<?xml version="1.0" encoding="utf-8" standalone="no"?>
<!--This file represents the results of running a test suite-->
<test-results name="U:\Data\Data\Programming\Projects\NET_TestHarness\TestCases\TestCases.csproj" total="8" errors="0" failures="0" not-run="0" inconclusive="0" ignored="0" skipped="0" invalid="0" date="2012-07-07" time="17:34:35">
  <environment nunit-version="2.6.0.12051" clr-version="2.0.50727.5448" os-version="Microsoft Windows NT 6.1.7601 Service Pack 1" platform="Win32NT" cwd="U:\Data\Data\Programming\Projects\NET_TestHarness\TestCases" machine-name="MAIN-PC" user="Michael" user-domain="MAIN-PC" />
  <culture-info current-culture="en-US" current-uiculture="en-US" />
  <test-suite type="Project" name="U:\Data\Data\Programming\Projects\NET_TestHarness\TestCases\TestCases.csproj" executed="True" result="Success" success="True" time="0.631" asserts="0">
    <results>
      <test-suite type="Assembly" name="U:\Data\Data\Programming\Projects\NET_TestHarness\TestCases\bin\Debug\TestCases.dll" executed="True" result="Success" success="True" time="0.630" asserts="0">
        <results>
          <test-suite type="Namespace" name="TestCases" executed="True" result="Success" success="True" time="0.630" asserts="0">
            <results>
              <test-suite type="Namespace" name="SpStateMachineTests" executed="True" result="Success" success="True" time="0.629" asserts="0">
                <results>
                  <test-suite type="TestFixture" name="SpStateTests" executed="True" result="Success" success="True" time="0.622" asserts="0">
                    <results>
                      <test-case name="TestCases.SpStateMachineTests.SpStateTests._0_" executed="True" result="Success" success="True" time="0.002" asserts="0" />
                      <test-case name="TestCases.SpStateMachineTests.SpStateTests._0_OnEntry_ExecutedTwiceWithOnExitBetween" executed="True" result="Success" success="True" time="0.269" asserts="0" />
                      <test-case name="TestCases.SpStateMachineTests.SpStateTests._0_OnTick_AfterOnEntry" executed="True" result="Success" success="True" time="0.003" asserts="0" />
                      <test-case name="TestCases.SpStateMachineTests.SpStateTests._50200_Constructor_NullWrappedObject" executed="True" result="Success" success="True" time="0.165" asserts="5" />
                      <test-case name="TestCases.SpStateMachineTests.SpStateTests._50201_OnEntry_ExecutedTwice" executed="True" result="Success" success="True" time="0.001" asserts="5" />
                      <test-case name="TestCases.SpStateMachineTests.SpStateTests._50205_OnTick_WithoutOnEntry" executed="True" result="Success" success="True" time="0.002" asserts="5" />
                      <test-case name="TestCases.SpStateMachineTests.SpStateTests._50206_InitStateIds_ParentNullIdChain" executed="True" result="Success" success="True" time="0.105" asserts="5" />
                      <test-case name="TestCases.SpStateMachineTests.SpStateTests._50207_InitStateIds_UnexpectedError" executed="True" result="Success" success="True" time="0.041" asserts="5" />
                    </results>
                  </test-suite>
                </results>
              </test-suite>
            </results>
          </test-suite>
        </results>
      </test-suite>
    </results>
  </test-suite>
</test-results>