<?xml version="1.0" encoding="utf-8" standalone="no"?>
<!--This file represents the results of running a test suite-->
<test-results name="U:\Data\Data\Programming\Projects\NET_TestHarness\TestCases\TestCases.csproj" total="1" errors="0" failures="1" not-run="0" inconclusive="0" ignored="0" skipped="0" invalid="0" date="2012-07-06" time="17:28:48">
  <environment nunit-version="2.6.0.12051" clr-version="2.0.50727.5448" os-version="Microsoft Windows NT 6.1.7601 Service Pack 1" platform="Win32NT" cwd="U:\Data\Data\Programming\Projects\NET_TestHarness\TestCases" machine-name="MAIN-PC" user="Michael" user-domain="MAIN-PC" />
  <culture-info current-culture="en-US" current-uiculture="en-US" />
  <test-suite type="Project" name="U:\Data\Data\Programming\Projects\NET_TestHarness\TestCases\TestCases.csproj" executed="True" result="Failure" success="False" time="0.016" asserts="0">
    <results>
      <test-suite type="Assembly" name="U:\Data\Data\Programming\Projects\NET_TestHarness\TestCases\bin\Debug\TestCases.dll" executed="True" result="Failure" success="False" time="0.014" asserts="0">
        <results>
          <test-suite type="Namespace" name="TestCases" executed="True" result="Failure" success="False" time="0.014" asserts="0">
            <results>
              <test-suite type="Namespace" name="SpStateMachineTests" executed="True" result="Failure" success="False" time="0.013" asserts="0">
                <results>
                  <test-suite type="TestFixture" name="SpToolsTests" executed="True" result="Failure" success="False" time="0.006" asserts="0">
                    <results>
                      <test-case name="TestCases.SpStateMachineTests.SpToolsTests._0_GetTransitionCloneFromStore_CloneIsGood" executed="True" result="Failure" success="False" time="0.001" asserts="2">
                        <failure>
                          <message><![CDATA[  Expected: 98
  But was:  42
]]></message>
                          <stack-trace><![CDATA[at TestCases.SpStateMachineTests.SpToolsTests._0_GetTransitionCloneFromStore_CloneIsGood() in U:\Data\Data\Programming\Projects\NET_TestHarness\TestCases\SpStateMachineTests\SpToolsTests.cs:line 209
]]></stack-trace>
                        </failure>
                      </test-case>
                    </results>
                  </test-suite>
                </results>
              </test-suite>
            </results>
          </test-suite>
        </results>
      </test-suite>
    </results>
  </test-suite>
</test-results>