<?xml version="1.0" encoding="utf-8" standalone="no"?>
<!--This file represents the results of running a test suite-->
<test-results name="U:\Data\Data\Programming\Projects\NET_TestHarness\TestCases\TestCases.csproj" total="7" errors="0" failures="0" not-run="0" inconclusive="0" ignored="0" skipped="0" invalid="0" date="2012-06-15" time="23:48:09">
  <environment nunit-version="2.6.0.12051" clr-version="2.0.50727.5448" os-version="Microsoft Windows NT 6.1.7601 Service Pack 1" platform="Win32NT" cwd="U:\Data\Data\Programming\Projects\NET_TestHarness\TestCases" machine-name="MAIN-PC" user="Michael" user-domain="MAIN-PC" />
  <culture-info current-culture="en-US" current-uiculture="en-US" />
  <test-suite type="Project" name="U:\Data\Data\Programming\Projects\NET_TestHarness\TestCases\TestCases.csproj" executed="True" result="Success" success="True" time="0.367" asserts="0">
    <results>
      <test-suite type="Assembly" name="U:\Data\Data\Programming\Projects\NET_TestHarness\TestCases\bin\Debug\TestCases.dll" executed="True" result="Success" success="True" time="0.367" asserts="0">
        <results>
          <test-suite type="Namespace" name="TestCases" executed="True" result="Success" success="True" time="0.367" asserts="0">
            <results>
              <test-suite type="Namespace" name="ChkUtilsTests" executed="True" result="Success" success="True" time="0.351" asserts="0">
                <results>
                  <test-suite type="TestFixture" name="ToErrorReportExceptionTests" executed="True" result="Success" success="True" time="0.187" asserts="0">
                    <results>
                      <test-case name="TestCases.ChkUtilsTests.ToErrorReportExceptionTests.ExceptionCaughtOnAction" executed="True" result="Success" success="True" time="0.187" asserts="6" />
                    </results>
                  </test-suite>
                  <test-suite type="TestFixture" name="ToErrorReportFaultExceptionTests" executed="True" result="Success" success="True" time="0.078" asserts="0">
                    <results>
                      <test-case name="TestCases.ChkUtilsTests.ToErrorReportFaultExceptionTests.LogingAndFormatingDelegateTest" executed="True" result="Success" success="True" time="0.078" asserts="7" />
                      <test-case name="TestCases.ChkUtilsTests.ToErrorReportFaultExceptionTests.LogingDelegateTest" executed="True" result="Success" success="True" time="0.000" asserts="7" />
                    </results>
                  </test-suite>
                  <test-suite type="TestFixture" name="ToErrReportTests" executed="True" result="Success" success="True" time="0.000" asserts="0">
                    <results>
                      <test-case name="TestCases.ChkUtilsTests.ToErrReportTests.NoErr_ConfirmMsgFormaterNotInvoked" executed="True" result="Success" success="True" time="0.000" asserts="0" />
                      <test-case name="TestCases.ChkUtilsTests.ToErrReportTests.WithException_ErrorFormater" executed="True" result="Success" success="True" time="0.000" asserts="6" />
                    </results>
                  </test-suite>
                  <test-suite type="TestFixture" name="ValidatorTests" executed="True" result="Success" success="True" time="0.020" asserts="0">
                    <results>
                      <test-case name="TestCases.ChkUtilsTests.ValidatorTests.ValidatePara_NullArg" executed="True" result="Success" success="True" time="0.001" asserts="5" />
                      <test-case name="TestCases.ChkUtilsTests.ValidatorTests.ValidateParam_ValidArg" executed="True" result="Success" success="True" time="0.001" asserts="1" />
                    </results>
                  </test-suite>
                </results>
              </test-suite>
              <test-suite type="TestFixture" name="TestHelperTests" executed="True" result="Inconclusive" success="False" time="0.005" asserts="0" />
            </results>
          </test-suite>
        </results>
      </test-suite>
    </results>
  </test-suite>
</test-results>