<?xml version="1.0" encoding="utf-8" standalone="no"?>
<!--This file represents the results of running a test suite-->
<test-results name="U:\Data\Data\Programming\Projects\NET_TestHarness\TestCases\TestCases.csproj" total="3" errors="0" failures="0" not-run="0" inconclusive="0" ignored="0" skipped="0" invalid="0" date="2012-07-07" time="18:02:55">
  <environment nunit-version="2.6.0.12051" clr-version="2.0.50727.5448" os-version="Microsoft Windows NT 6.1.7601 Service Pack 1" platform="Win32NT" cwd="U:\Data\Data\Programming\Projects\NET_TestHarness\TestCases" machine-name="MAIN-PC" user="Michael" user-domain="MAIN-PC" />
  <culture-info current-culture="en-US" current-uiculture="en-US" />
  <test-suite type="Project" name="U:\Data\Data\Programming\Projects\NET_TestHarness\TestCases\TestCases.csproj" executed="True" result="Success" success="True" time="0.816" asserts="0">
    <results>
      <test-suite type="Assembly" name="U:\Data\Data\Programming\Projects\NET_TestHarness\TestCases\bin\Debug\TestCases.dll" executed="True" result="Success" success="True" time="0.807" asserts="0">
        <results>
          <test-suite type="Namespace" name="TestCases" executed="True" result="Success" success="True" time="0.806" asserts="0">
            <results>
              <test-suite type="Namespace" name="SpStateMachineTests" executed="True" result="Success" success="True" time="0.806" asserts="0">
                <results>
                  <test-suite type="TestFixture" name="StateTransitionTests" executed="True" result="Success" success="True" time="0.797" asserts="0">
                    <results>
                      <test-case name="TestCases.SpStateMachineTests.StateTransitionTests.TestDeferedTransitionsInSuperState" executed="True" result="Success" success="True" time="0.299" asserts="8" />
                      <test-case name="TestCases.SpStateMachineTests.StateTransitionTests.TestExitStateCascadeInSuperState" executed="True" result="Success" success="True" time="0.210" asserts="9" />
                      <test-case name="TestCases.SpStateMachineTests.StateTransitionTests.TestExitStateTransitionsInSuperState" executed="True" result="Success" success="True" time="0.205" asserts="10" />
                    </results>
                  </test-suite>
                </results>
              </test-suite>
            </results>
          </test-suite>
        </results>
      </test-suite>
    </results>
  </test-suite>
</test-results>