<?xml version="1.0" encoding="utf-8" standalone="no"?>
<!--This file represents the results of running a test suite-->
<test-results name="U:\Data\Data\Programming\Projects\NET_TestHarness\TestCases\TestCases.csproj" total="33" errors="0" failures="0" not-run="0" inconclusive="0" ignored="0" skipped="0" invalid="0" date="2012-07-01" time="23:33:31">
  <environment nunit-version="2.6.0.12051" clr-version="2.0.50727.5448" os-version="Microsoft Windows NT 6.1.7601 Service Pack 1" platform="Win32NT" cwd="U:\Data\Data\Programming\Projects\NET_TestHarness\TestCases" machine-name="MAIN-PC" user="Michael" user-domain="MAIN-PC" />
  <culture-info current-culture="en-US" current-uiculture="en-US" />
  <test-suite type="Project" name="U:\Data\Data\Programming\Projects\NET_TestHarness\TestCases\TestCases.csproj" executed="True" result="Success" success="True" time="6.865" asserts="0">
    <results>
      <test-suite type="Assembly" name="U:\Data\Data\Programming\Projects\NET_TestHarness\TestCases\bin\Debug\TestCases.dll" executed="True" result="Success" success="True" time="6.858" asserts="0">
        <results>
          <test-suite type="Namespace" name="TestCases" executed="True" result="Success" success="True" time="6.857" asserts="0">
            <results>
              <test-suite type="Namespace" name="SpStateMachineTests" executed="True" result="Success" success="True" time="6.857" asserts="0">
                <results>
                  <test-suite type="TestFixture" name="SimpleEventListnerTests" executed="True" result="Success" success="True" time="1.554" asserts="0">
                    <results>
                      <test-case name="TestCases.SpStateMachineTests.SimpleEventListnerTests._0_MessageReceived_validMsg" executed="True" result="Success" success="True" time="0.244" asserts="4" />
                      <test-case name="TestCases.SpStateMachineTests.SimpleEventListnerTests._0_ResponseReceived_validMsg" executed="True" result="Success" success="True" time="0.201" asserts="4" />
                      <test-case name="TestCases.SpStateMachineTests.SimpleEventListnerTests._50030_RaiseEvent_CatchUserMessageDelegateException" executed="True" result="Success" success="True" time="0.252" asserts="4" />
                      <test-case name="TestCases.SpStateMachineTests.SimpleEventListnerTests._50030_RaiseEvent_CatchUserResponseDelegateException" executed="True" result="Success" success="True" time="0.251" asserts="4" />
                      <test-case name="TestCases.SpStateMachineTests.SimpleEventListnerTests._50031_MessageReceived_NoSubscribers" executed="True" result="Success" success="True" time="0.251" asserts="4" />
                      <test-case name="TestCases.SpStateMachineTests.SimpleEventListnerTests._50031_RaiseEvent_ResponseNoSubscribers" executed="True" result="Success" success="True" time="0.250" asserts="4" />
                      <test-case name="TestCases.SpStateMachineTests.SimpleEventListnerTests._50032_PostMessage_Disposed" executed="True" result="Success" success="True" time="0.010" asserts="5" />
                      <test-case name="TestCases.SpStateMachineTests.SimpleEventListnerTests._50033_PostResponse_Disposed" executed="True" result="Success" success="True" time="0.003" asserts="5" />
                    </results>
                  </test-suite>
                  <test-suite type="TestFixture" name="SpPeriodicWakeupOnlyTests" executed="True" result="Success" success="True" time="0.523" asserts="0">
                    <results>
                      <test-case name="TestCases.SpStateMachineTests.SpPeriodicWakeupOnlyTests._50080_EventReceived_Disposed" executed="True" result="Success" success="True" time="0.104" asserts="5" />
                      <test-case name="TestCases.SpStateMachineTests.SpPeriodicWakeupOnlyTests._50081_EventReceived_UnhandledType" executed="True" result="Success" success="True" time="0.101" asserts="4" />
                      <test-case name="TestCases.SpStateMachineTests.SpPeriodicWakeupOnlyTests._50082_WaitOnEvent_Disposed" executed="True" result="Success" success="True" time="0.103" asserts="5" />
                      <test-case name="TestCases.SpStateMachineTests.SpPeriodicWakeupOnlyTests._50084_OnPeriodicTimer_Busy" executed="True" result="Success" success="True" time="0.200" asserts="4" />
                    </results>
                  </test-suite>
                  <test-suite type="TestFixture" name="SpStateMachineTests" executed="True" result="Success" success="True" time="2.995" asserts="0">
                    <results>
                      <test-case name="TestCases.SpStateMachineTests.SpStateMachineTests._0_Dispose_MultiDisposeSafe" executed="True" result="Success" success="True" time="0.874" asserts="4" />
                      <test-case name="TestCases.SpStateMachineTests.SpStateMachineTests._0_DisposeObject_Success" executed="True" result="Success" success="True" time="0.004" asserts="0" />
                      <test-case name="TestCases.SpStateMachineTests.SpStateMachineTests._50050_SpStateMachineEngine_nullListner" executed="True" result="Success" success="True" time="0.004" asserts="5" />
                      <test-case name="TestCases.SpStateMachineTests.SpStateMachineTests._50051_SpStateMachineEngine_nullStore" executed="True" result="Success" success="True" time="0.003" asserts="5" />
                      <test-case name="TestCases.SpStateMachineTests.SpStateMachineTests._50052_SpStateMachineEngine_nullBehavior" executed="True" result="Success" success="True" time="0.002" asserts="5" />
                      <test-case name="TestCases.SpStateMachineTests.SpStateMachineTests._50053_SpStateMachineEngine_nullStateMachine" executed="True" result="Success" success="True" time="0.002" asserts="5" />
                      <test-case name="TestCases.SpStateMachineTests.SpStateMachineTests._50054_SpStateMachineEngine_nullTimer" executed="True" result="Success" success="True" time="0.003" asserts="5" />
                      <test-case name="TestCases.SpStateMachineTests.SpStateMachineTests._50056_StartDisposed" executed="True" result="Success" success="True" time="0.505" asserts="5" />
                      <test-case name="TestCases.SpStateMachineTests.SpStateMachineTests._50057_StopDisposed" executed="True" result="Success" success="True" time="0.510" asserts="5" />
                      <test-case name="TestCases.SpStateMachineTests.SpStateMachineTests._50058_DriverThreadUnexpectedError" executed="True" result="Success" success="True" time="0.540" asserts="4" />
                      <test-case name="TestCases.SpStateMachineTests.SpStateMachineTests._50060_DisposeObject_ErrorDisposingInternalObjects" executed="True" result="Success" success="True" time="0.504" asserts="4" />
                    </results>
                  </test-suite>
                  <test-suite type="TestFixture" name="StateMachineScratchPad" executed="True" result="Inconclusive" success="False" time="0.004" asserts="0" />
                  <test-suite type="TestFixture" name="WinSimplePeriodicTimerTests" executed="True" result="Success" success="True" time="1.745" asserts="0">
                    <results>
                      <test-case name="TestCases.SpStateMachineTests.WinSimplePeriodicTimerTests._0_SetInterval_OK" executed="True" result="Success" success="True" time="0.002" asserts="0" />
                      <test-case name="TestCases.SpStateMachineTests.WinSimplePeriodicTimerTests._0_Start_Multi" executed="True" result="Success" success="True" time="0.003" asserts="0" />
                      <test-case name="TestCases.SpStateMachineTests.WinSimplePeriodicTimerTests._0_Stop_Multi" executed="True" result="Success" success="True" time="0.000" asserts="0" />
                      <test-case name="TestCases.SpStateMachineTests.WinSimplePeriodicTimerTests._50000_SetInterval_ZeroTimespan" executed="True" result="Success" success="True" time="0.001" asserts="5" />
                      <test-case name="TestCases.SpStateMachineTests.WinSimplePeriodicTimerTests._50002_SetInterval_Disposed" executed="True" result="Success" success="True" time="0.002" asserts="5" />
                      <test-case name="TestCases.SpStateMachineTests.WinSimplePeriodicTimerTests._50003_Start_Disposed" executed="True" result="Success" success="True" time="0.001" asserts="5" />
                      <test-case name="TestCases.SpStateMachineTests.WinSimplePeriodicTimerTests._50005_Start_Disposed" executed="True" result="Success" success="True" time="0.001" asserts="5" />
                      <test-case name="TestCases.SpStateMachineTests.WinSimplePeriodicTimerTests.MultiDispose" executed="True" result="Success" success="True" time="0.001" asserts="0" />
                      <test-case name="TestCases.SpStateMachineTests.WinSimplePeriodicTimerTests.OnWakeup_noSubscribers" executed="True" result="Success" success="True" time="0.200" asserts="0" />
                      <test-case name="TestCases.SpStateMachineTests.WinSimplePeriodicTimerTests.OnWakeup_PulseCount" executed="True" result="Success" success="True" time="1.501" asserts="1" />
                    </results>
                  </test-suite>
                </results>
              </test-suite>
            </results>
          </test-suite>
        </results>
      </test-suite>
    </results>
  </test-suite>
</test-results>