<?xml version="1.0" encoding="utf-8" standalone="no"?>
<!--This file represents the results of running a test suite-->
<test-results name="U:\Data\Data\Programming\Projects\NET_TestHarness\TestCases\TestCases.csproj" total="56" errors="0" failures="0" not-run="0" inconclusive="0" ignored="0" skipped="0" invalid="0" date="2012-07-03" time="12:04:26">
  <environment nunit-version="2.6.0.12051" clr-version="2.0.50727.5448" os-version="Microsoft Windows NT 6.1.7601 Service Pack 1" platform="Win32NT" cwd="U:\Data\Data\Programming\Projects\NET_TestHarness\TestCases" machine-name="MAIN-PC" user="Michael" user-domain="MAIN-PC" />
  <culture-info current-culture="en-US" current-uiculture="en-US" />
  <test-suite type="Project" name="U:\Data\Data\Programming\Projects\NET_TestHarness\TestCases\TestCases.csproj" executed="True" result="Success" success="True" time="14.010" asserts="0">
    <results>
      <test-suite type="Assembly" name="U:\Data\Data\Programming\Projects\NET_TestHarness\TestCases\bin\Debug\TestCases.dll" executed="True" result="Success" success="True" time="14.010" asserts="0">
        <results>
          <test-suite type="Namespace" name="TestCases" executed="True" result="Success" success="True" time="14.009" asserts="0">
            <results>
              <test-suite type="Namespace" name="SpStateMachineTests" executed="True" result="Success" success="True" time="14.009" asserts="0">
                <results>
                  <test-suite type="TestFixture" name="EventStoreTests" executed="True" result="Success" success="True" time="0.195" asserts="0">
                    <results>
                      <test-case name="TestCases.SpStateMachineTests.EventStoreTests._0_Base_MutilDisposed" executed="True" result="Success" success="True" time="0.001" asserts="0" />
                      <test-case name="TestCases.SpStateMachineTests.EventStoreTests._0_PriorityEventStore_Add" executed="True" result="Success" success="True" time="0.001" asserts="0" />
                      <test-case name="TestCases.SpStateMachineTests.EventStoreTests._0_PriorityEventStore_AddSequence" executed="True" result="Success" success="True" time="0.010" asserts="36" />
                      <test-case name="TestCases.SpStateMachineTests.EventStoreTests._0_SimpleDequeQueue_Add" executed="True" result="Success" success="True" time="0.000" asserts="0" />
                      <test-case name="TestCases.SpStateMachineTests.EventStoreTests._0_SimpleDequeQueue_AddSequencing" executed="True" result="Success" success="True" time="0.001" asserts="16" />
                      <test-case name="TestCases.SpStateMachineTests.EventStoreTests._50110_Base_Constructor_NullParam" executed="True" result="Success" success="True" time="0.135" asserts="5" />
                      <test-case name="TestCases.SpStateMachineTests.EventStoreTests._50111_Base_Add_Disposed" executed="True" result="Success" success="True" time="0.001" asserts="5" />
                      <test-case name="TestCases.SpStateMachineTests.EventStoreTests._50112_Base_Add_NullMsg" executed="True" result="Success" success="True" time="0.002" asserts="5" />
                      <test-case name="TestCases.SpStateMachineTests.EventStoreTests._50113_Base_Get_Disposed" executed="True" result="Success" success="True" time="0.001" asserts="5" />
                      <test-case name="TestCases.SpStateMachineTests.EventStoreTests._50150_PriorityEventStore_AddEvent_UnhandledPriority" executed="True" result="Success" success="True" time="0.002" asserts="5" />
                    </results>
                  </test-suite>
                  <test-suite type="TestFixture" name="MessagesTests" executed="True" result="Success" success="True" time="0.007" asserts="0">
                    <results>
                      <test-case name="TestCases.SpStateMachineTests.MessagesTests._0_SpBaseResponseCopyOverGuid" executed="True" result="Success" success="True" time="0.001" asserts="1" />
                    </results>
                  </test-suite>
                  <test-suite type="TestFixture" name="SimpleEventListnerTests" executed="True" result="Success" success="True" time="1.458" asserts="0">
                    <results>
                      <test-case name="TestCases.SpStateMachineTests.SimpleEventListnerTests._0_MessageReceived_validMsg" executed="True" result="Success" success="True" time="0.201" asserts="4" />
                      <test-case name="TestCases.SpStateMachineTests.SimpleEventListnerTests._0_ResponseReceived_validMsg" executed="True" result="Success" success="True" time="0.200" asserts="4" />
                      <test-case name="TestCases.SpStateMachineTests.SimpleEventListnerTests._50030_RaiseEvent_CatchUserMessageDelegateException" executed="True" result="Success" success="True" time="0.251" asserts="4" />
                      <test-case name="TestCases.SpStateMachineTests.SimpleEventListnerTests._50030_RaiseEvent_CatchUserResponseDelegateException" executed="True" result="Success" success="True" time="0.250" asserts="4" />
                      <test-case name="TestCases.SpStateMachineTests.SimpleEventListnerTests._50031_MessageReceived_NoSubscribers" executed="True" result="Success" success="True" time="0.251" asserts="4" />
                      <test-case name="TestCases.SpStateMachineTests.SimpleEventListnerTests._50031_RaiseEvent_ResponseNoSubscribers" executed="True" result="Success" success="True" time="0.251" asserts="4" />
                      <test-case name="TestCases.SpStateMachineTests.SimpleEventListnerTests._50032_PostMessage_Disposed" executed="True" result="Success" success="True" time="0.001" asserts="5" />
                      <test-case name="TestCases.SpStateMachineTests.SimpleEventListnerTests._50033_PostResponse_Disposed" executed="True" result="Success" success="True" time="0.002" asserts="5" />
                    </results>
                  </test-suite>
                  <test-suite type="TestFixture" name="SpPeriodicWakeupOnlyTests" executed="True" result="Success" success="True" time="0.550" asserts="0">
                    <results>
                      <test-case name="TestCases.SpStateMachineTests.SpPeriodicWakeupOnlyTests._50080_EventReceived_Disposed" executed="True" result="Success" success="True" time="0.102" asserts="5" />
                      <test-case name="TestCases.SpStateMachineTests.SpPeriodicWakeupOnlyTests._50081_EventReceived_UnhandledType" executed="True" result="Success" success="True" time="0.101" asserts="4" />
                      <test-case name="TestCases.SpStateMachineTests.SpPeriodicWakeupOnlyTests._50082_WaitOnEvent_Disposed" executed="True" result="Success" success="True" time="0.101" asserts="5" />
                      <test-case name="TestCases.SpStateMachineTests.SpPeriodicWakeupOnlyTests._50084_OnPeriodicTimer_Busy" executed="True" result="Success" success="True" time="0.200" asserts="4" />
                    </results>
                  </test-suite>
                  <test-suite type="TestFixture" name="SpStateMachineEngineTests" executed="True" result="Success" success="True" time="3.465" asserts="0">
                    <results>
                      <test-case name="TestCases.SpStateMachineTests.SpStateMachineEngineTests._0_Dispose_MultiDisposeSafe" executed="True" result="Success" success="True" time="1.119" asserts="4" />
                      <test-case name="TestCases.SpStateMachineTests.SpStateMachineEngineTests._0_DisposeObject_Success" executed="True" result="Success" success="True" time="0.045" asserts="0" />
                      <test-case name="TestCases.SpStateMachineTests.SpStateMachineEngineTests._50050_SpStateMachineEngine_nullListner" executed="True" result="Success" success="True" time="0.009" asserts="5" />
                      <test-case name="TestCases.SpStateMachineTests.SpStateMachineEngineTests._50051_SpStateMachineEngine_nullStore" executed="True" result="Success" success="True" time="0.002" asserts="5" />
                      <test-case name="TestCases.SpStateMachineTests.SpStateMachineEngineTests._50052_SpStateMachineEngine_nullBehavior" executed="True" result="Success" success="True" time="0.003" asserts="5" />
                      <test-case name="TestCases.SpStateMachineTests.SpStateMachineEngineTests._50053_SpStateMachineEngine_nullStateMachine" executed="True" result="Success" success="True" time="0.020" asserts="5" />
                      <test-case name="TestCases.SpStateMachineTests.SpStateMachineEngineTests._50054_SpStateMachineEngine_nullTimer" executed="True" result="Success" success="True" time="0.003" asserts="5" />
                      <test-case name="TestCases.SpStateMachineTests.SpStateMachineEngineTests._50056_StartDisposed" executed="True" result="Success" success="True" time="0.607" asserts="5" />
                      <test-case name="TestCases.SpStateMachineTests.SpStateMachineEngineTests._50057_StopDisposed" executed="True" result="Success" success="True" time="0.506" asserts="5" />
                      <test-case name="TestCases.SpStateMachineTests.SpStateMachineEngineTests._50058_DriverThreadUnexpectedError" executed="True" result="Success" success="True" time="0.506" asserts="4" />
                      <test-case name="TestCases.SpStateMachineTests.SpStateMachineEngineTests._50060_DisposeObject_ErrorDisposingInternalObjects" executed="True" result="Success" success="True" time="0.518" asserts="4" />
                    </results>
                  </test-suite>
                  <test-suite type="TestFixture" name="SpStateMachineTests" executed="True" result="Success" success="True" time="0.249" asserts="0">
                    <results>
                      <test-case name="TestCases.SpStateMachineTests.SpStateMachineTests._0_Dispose_Multi" executed="True" result="Success" success="True" time="0.071" asserts="0" />
                      <test-case name="TestCases.SpStateMachineTests.SpStateMachineTests._0_Tick_Ok" executed="True" result="Success" success="True" time="0.031" asserts="0" />
                      <test-case name="TestCases.SpStateMachineTests.SpStateMachineTests._50170_Ctor_WrappedObject" executed="True" result="Success" success="True" time="0.002" asserts="5" />
                      <test-case name="TestCases.SpStateMachineTests.SpStateMachineTests._50171_Ctor_NullState" executed="True" result="Success" success="True" time="0.004" asserts="5" />
                      <test-case name="TestCases.SpStateMachineTests.SpStateMachineTests._50172_Tick_NullMsg" executed="True" result="Success" success="True" time="0.002" asserts="5" />
                      <test-case name="TestCases.SpStateMachineTests.SpStateMachineTests._50173_Dispose_ChildManagedDisposeFail" executed="True" result="Success" success="True" time="0.002" asserts="5" />
                      <test-case name="TestCases.SpStateMachineTests.SpStateMachineTests._50174_Dispose_ChildManagedDisposeFail" executed="True" result="Success" success="True" time="0.002" asserts="5" />
                      <test-case name="TestCases.SpStateMachineTests.SpStateMachineTests._50175_Dispose_ManagedResources_Error" executed="True" result="Success" success="True" time="0.003" asserts="5" />
                      <test-case name="TestCases.SpStateMachineTests.SpStateMachineTests._50176_Tick_Disposed" executed="True" result="Success" success="True" time="0.002" asserts="5" />
                      <test-case name="TestCases.SpStateMachineTests.SpStateMachineTests._50177_Tick_StateNullTransition" executed="True" result="Success" success="True" time="0.002" asserts="5" />
                    </results>
                  </test-suite>
                  <test-suite type="TestFixture" name="StateMachineScratchPad" executed="True" result="Success" success="True" time="6.221" asserts="0">
                    <results>
                      <test-case name="TestCases.SpStateMachineTests.StateMachineScratchPad.TestDeferedTransitionsInSuperState" executed="True" result="Success" success="True" time="2.201" asserts="3" />
                      <test-case name="TestCases.SpStateMachineTests.StateMachineScratchPad.TestExitStateTransitionsInSuperState" executed="True" result="Success" success="True" time="4.000" asserts="6" />
                    </results>
                  </test-suite>
                  <test-suite type="TestFixture" name="WinSimplePeriodicTimerTests" executed="True" result="Success" success="True" time="1.781" asserts="0">
                    <results>
                      <test-case name="TestCases.SpStateMachineTests.WinSimplePeriodicTimerTests._0_SetInterval_OK" executed="True" result="Success" success="True" time="0.001" asserts="0" />
                      <test-case name="TestCases.SpStateMachineTests.WinSimplePeriodicTimerTests._0_Start_Multi" executed="True" result="Success" success="True" time="0.000" asserts="0" />
                      <test-case name="TestCases.SpStateMachineTests.WinSimplePeriodicTimerTests._0_Stop_Multi" executed="True" result="Success" success="True" time="0.000" asserts="0" />
                      <test-case name="TestCases.SpStateMachineTests.WinSimplePeriodicTimerTests._50000_SetInterval_ZeroTimespan" executed="True" result="Success" success="True" time="0.001" asserts="5" />
                      <test-case name="TestCases.SpStateMachineTests.WinSimplePeriodicTimerTests._50002_SetInterval_Disposed" executed="True" result="Success" success="True" time="0.002" asserts="5" />
                      <test-case name="TestCases.SpStateMachineTests.WinSimplePeriodicTimerTests._50003_Start_Disposed" executed="True" result="Success" success="True" time="0.001" asserts="5" />
                      <test-case name="TestCases.SpStateMachineTests.WinSimplePeriodicTimerTests._50005_Start_Disposed" executed="True" result="Success" success="True" time="0.001" asserts="5" />
                      <test-case name="TestCases.SpStateMachineTests.WinSimplePeriodicTimerTests.MultiDispose" executed="True" result="Success" success="True" time="0.001" asserts="0" />
                      <test-case name="TestCases.SpStateMachineTests.WinSimplePeriodicTimerTests.OnWakeup_noSubscribers" executed="True" result="Success" success="True" time="0.201" asserts="0" />
                      <test-case name="TestCases.SpStateMachineTests.WinSimplePeriodicTimerTests.OnWakeup_PulseCount" executed="True" result="Success" success="True" time="1.501" asserts="1" />
                    </results>
                  </test-suite>
                </results>
              </test-suite>
            </results>
          </test-suite>
        </results>
      </test-suite>
    </results>
  </test-suite>
</test-results>